current directory: /home/ktom/kontes-terbuka/shared/bundle/ruby/2.3.0/gems/unicorn-5.1.0/ext/unicorn_http
/home/ktom/.rvm/rubies/ruby-2.3.0/bin/ruby -r ./siteconf20160601-27106-q7nuly.rb extconf.rb
checking for SIZEOF_OFF_T in ruby.h... yes
checking for SIZEOF_SIZE_T in ruby.h... yes
checking for SIZEOF_LONG in ruby.h... yes
checking for rb_str_set_len() in ruby.h... yes
checking for rb_hash_clear() in ruby.h... yes
checking for gmtime_r() in time.h... yes
creating Makefile

To see why this extension failed to compile, please check the mkmf.log which can be found here:

  /home/ktom/kontes-terbuka/shared/bundle/ruby/2.3.0/extensions/x86_64-linux/2.3.0/unicorn-5.1.0/mkmf.log

current directory: /home/ktom/kontes-terbuka/shared/bundle/ruby/2.3.0/gems/unicorn-5.1.0/ext/unicorn_http
make "DESTDIR=" clean

current directory: /home/ktom/kontes-terbuka/shared/bundle/ruby/2.3.0/gems/unicorn-5.1.0/ext/unicorn_http
make "DESTDIR="
compiling httpdate.c
compiling unicorn_http.c
linking shared-object unicorn_http.so

current directory: /home/ktom/kontes-terbuka/shared/bundle/ruby/2.3.0/gems/unicorn-5.1.0/ext/unicorn_http
make "DESTDIR=" install
/usr/bin/install -m 0755 unicorn_http.so ./.gem.20160601-27106-81avi3
