have_macro: checking for SIZEOF_OFF_T in ruby.h... -------------------- yes

"gcc -o conftest -I/home/ktom/.rvm/rubies/ruby-2.3.0/include/ruby-2.3.0/x86_64-linux -I/home/ktom/.rvm/rubies/ruby-2.3.0/include/ruby-2.3.0/ruby/backward -I/home/ktom/.rvm/rubies/ruby-2.3.0/include/ruby-2.3.0 -I.     -O3 -fno-fast-math -ggdb3 -Wall -Wextra -Wno-unused-parameter -Wno-parentheses -Wno-long-long -Wno-missing-field-initializers -Wunused-variable -Wpointer-arith -Wwrite-strings -Wdeclaration-after-statement -Wimplicit-function-declaration -Wdeprecated-declarations -Wno-packed-bitfield-compat  -fPIC conftest.c  -L. -L/home/ktom/.rvm/rubies/ruby-2.3.0/lib -Wl,-R/home/ktom/.rvm/rubies/ruby-2.3.0/lib -L. -fstack-protector -rdynamic -Wl,-export-dynamic     -Wl,-rpath,'/../lib' -Wl,-R'/../lib' -lruby  -lpthread -lgmp -ldl -lcrypt -lm   -lc"
checked program was:
/* begin */
1: #include "ruby.h"
2: 
3: int main(int argc, char **argv)
4: {
5:   return 0;
6: }
/* end */

"gcc -I/home/ktom/.rvm/rubies/ruby-2.3.0/include/ruby-2.3.0/x86_64-linux -I/home/ktom/.rvm/rubies/ruby-2.3.0/include/ruby-2.3.0/ruby/backward -I/home/ktom/.rvm/rubies/ruby-2.3.0/include/ruby-2.3.0 -I.     -O3 -fno-fast-math -ggdb3 -Wall -Wextra -Wno-unused-parameter -Wno-parentheses -Wno-long-long -Wno-missing-field-initializers -Wunused-variable -Wpointer-arith -Wwrite-strings -Wdeclaration-after-statement -Wimplicit-function-declaration -Wdeprecated-declarations -Wno-packed-bitfield-compat  -fPIC   -c conftest.c"
checked program was:
/* begin */
1: #include "ruby.h"
2: 
3: #include <ruby.h>
4: /*top*/
5: #ifndef SIZEOF_OFF_T
6: # error
7: |:/ === SIZEOF_OFF_T undefined === /:|
8: #endif
/* end */

--------------------

have_macro: checking for SIZEOF_SIZE_T in ruby.h... -------------------- yes

"gcc -I/home/ktom/.rvm/rubies/ruby-2.3.0/include/ruby-2.3.0/x86_64-linux -I/home/ktom/.rvm/rubies/ruby-2.3.0/include/ruby-2.3.0/ruby/backward -I/home/ktom/.rvm/rubies/ruby-2.3.0/include/ruby-2.3.0 -I.     -O3 -fno-fast-math -ggdb3 -Wall -Wextra -Wno-unused-parameter -Wno-parentheses -Wno-long-long -Wno-missing-field-initializers -Wunused-variable -Wpointer-arith -Wwrite-strings -Wdeclaration-after-statement -Wimplicit-function-declaration -Wdeprecated-declarations -Wno-packed-bitfield-compat  -fPIC   -c conftest.c"
checked program was:
/* begin */
1: #include "ruby.h"
2: 
3: #include <ruby.h>
4: /*top*/
5: #ifndef SIZEOF_SIZE_T
6: # error
7: |:/ === SIZEOF_SIZE_T undefined === /:|
8: #endif
/* end */

--------------------

have_macro: checking for SIZEOF_LONG in ruby.h... -------------------- yes

"gcc -I/home/ktom/.rvm/rubies/ruby-2.3.0/include/ruby-2.3.0/x86_64-linux -I/home/ktom/.rvm/rubies/ruby-2.3.0/include/ruby-2.3.0/ruby/backward -I/home/ktom/.rvm/rubies/ruby-2.3.0/include/ruby-2.3.0 -I.     -O3 -fno-fast-math -ggdb3 -Wall -Wextra -Wno-unused-parameter -Wno-parentheses -Wno-long-long -Wno-missing-field-initializers -Wunused-variable -Wpointer-arith -Wwrite-strings -Wdeclaration-after-statement -Wimplicit-function-declaration -Wdeprecated-declarations -Wno-packed-bitfield-compat  -fPIC   -c conftest.c"
checked program was:
/* begin */
1: #include "ruby.h"
2: 
3: #include <ruby.h>
4: /*top*/
5: #ifndef SIZEOF_LONG
6: # error
7: |:/ === SIZEOF_LONG undefined === /:|
8: #endif
/* end */

--------------------

have_func: checking for rb_str_set_len() in ruby.h... -------------------- yes

"gcc -o conftest -I/home/ktom/.rvm/rubies/ruby-2.3.0/include/ruby-2.3.0/x86_64-linux -I/home/ktom/.rvm/rubies/ruby-2.3.0/include/ruby-2.3.0/ruby/backward -I/home/ktom/.rvm/rubies/ruby-2.3.0/include/ruby-2.3.0 -I.     -O3 -fno-fast-math -ggdb3 -Wall -Wextra -Wno-unused-parameter -Wno-parentheses -Wno-long-long -Wno-missing-field-initializers -Wunused-variable -Wpointer-arith -Wwrite-strings -Wdeclaration-after-statement -Wimplicit-function-declaration -Wdeprecated-declarations -Wno-packed-bitfield-compat  -fPIC conftest.c  -L. -L/home/ktom/.rvm/rubies/ruby-2.3.0/lib -Wl,-R/home/ktom/.rvm/rubies/ruby-2.3.0/lib -L. -fstack-protector -rdynamic -Wl,-export-dynamic     -Wl,-rpath,'/../lib' -Wl,-R'/../lib' -lruby  -lpthread -lgmp -ldl -lcrypt -lm   -lc"
checked program was:
/* begin */
 1: #include "ruby.h"
 2: 
 3: #include <ruby.h>
 4: 
 5: /*top*/
 6: extern int t(void);
 7: int main(int argc, char **argv)
 8: {
 9:   if (argc > 1000000) {
10:     printf("%p", &t);
11:   }
12: 
13:   return 0;
14: }
15: int t(void) { void ((*volatile p)()); p = (void ((*)()))rb_str_set_len; return !p; }
/* end */

--------------------

have_func: checking for rb_hash_clear() in ruby.h... -------------------- yes

"gcc -o conftest -I/home/ktom/.rvm/rubies/ruby-2.3.0/include/ruby-2.3.0/x86_64-linux -I/home/ktom/.rvm/rubies/ruby-2.3.0/include/ruby-2.3.0/ruby/backward -I/home/ktom/.rvm/rubies/ruby-2.3.0/include/ruby-2.3.0 -I.     -O3 -fno-fast-math -ggdb3 -Wall -Wextra -Wno-unused-parameter -Wno-parentheses -Wno-long-long -Wno-missing-field-initializers -Wunused-variable -Wpointer-arith -Wwrite-strings -Wdeclaration-after-statement -Wimplicit-function-declaration -Wdeprecated-declarations -Wno-packed-bitfield-compat  -fPIC conftest.c  -L. -L/home/ktom/.rvm/rubies/ruby-2.3.0/lib -Wl,-R/home/ktom/.rvm/rubies/ruby-2.3.0/lib -L. -fstack-protector -rdynamic -Wl,-export-dynamic     -Wl,-rpath,'/../lib' -Wl,-R'/../lib' -lruby  -lpthread -lgmp -ldl -lcrypt -lm   -lc"
checked program was:
/* begin */
 1: #include "ruby.h"
 2: 
 3: #include <ruby.h>
 4: 
 5: /*top*/
 6: extern int t(void);
 7: int main(int argc, char **argv)
 8: {
 9:   if (argc > 1000000) {
10:     printf("%p", &t);
11:   }
12: 
13:   return 0;
14: }
15: int t(void) { void ((*volatile p)()); p = (void ((*)()))rb_hash_clear; return !p; }
/* end */

--------------------

have_func: checking for gmtime_r() in time.h... -------------------- yes

"gcc -o conftest -I/home/ktom/.rvm/rubies/ruby-2.3.0/include/ruby-2.3.0/x86_64-linux -I/home/ktom/.rvm/rubies/ruby-2.3.0/include/ruby-2.3.0/ruby/backward -I/home/ktom/.rvm/rubies/ruby-2.3.0/include/ruby-2.3.0 -I.     -O3 -fno-fast-math -ggdb3 -Wall -Wextra -Wno-unused-parameter -Wno-parentheses -Wno-long-long -Wno-missing-field-initializers -Wunused-variable -Wpointer-arith -Wwrite-strings -Wdeclaration-after-statement -Wimplicit-function-declaration -Wdeprecated-declarations -Wno-packed-bitfield-compat  -fPIC conftest.c  -L. -L/home/ktom/.rvm/rubies/ruby-2.3.0/lib -Wl,-R/home/ktom/.rvm/rubies/ruby-2.3.0/lib -L. -fstack-protector -rdynamic -Wl,-export-dynamic     -Wl,-rpath,'/../lib' -Wl,-R'/../lib' -lruby  -lpthread -lgmp -ldl -lcrypt -lm   -lc"
checked program was:
/* begin */
 1: #include "ruby.h"
 2: 
 3: #include <time.h>
 4: 
 5: /*top*/
 6: extern int t(void);
 7: int main(int argc, char **argv)
 8: {
 9:   if (argc > 1000000) {
10:     printf("%p", &t);
11:   }
12: 
13:   return 0;
14: }
15: int t(void) { void ((*volatile p)()); p = (void ((*)()))gmtime_r; return !p; }
/* end */

--------------------

