current directory: /home/ktom/kontes-terbuka/shared/bundle/ruby/2.3.0/gems/kgio-2.10.0/ext/kgio
/home/ktom/.rvm/rubies/ruby-2.3.0/bin/ruby -r ./siteconf20160601-27106-1jzilck.rb extconf.rb
checking for CLOCK_MONOTONIC in time.h... yes
checking for clockid_t in time.h... yes
checking for clock_gettime() in -lrt... yes
checking for t_open() in -lnsl... no
checking for socket() in -lsocket... no
checking for poll() in poll.h... yes
checking for getaddrinfo() in sys/types.h,sys/socket.h,netdb.h... yes
checking for getnameinfo() in sys/types.h,sys/socket.h,netdb.h... yes
checking for struct sockaddr_storage in sys/types.h,sys/socket.h... yes
checking for accept4() in sys/socket.h... yes
checking for sys/select.h... yes
checking for writev() in sys/uio.h... yes
checking for ruby/io.h... yes
checking for rb_io_t.fd in ruby.h,ruby/io.h... yes
checking for rb_io_t.mode in ruby.h,ruby/io.h... yes
checking for rb_io_t.pathv in ruby.h,ruby/io.h... yes
checking for struct RFile in ruby.h,ruby/io.h... yes
checking size of struct RFile in ruby.h,ruby/io.h... 24
checking for struct RObject... yes
checking size of struct RObject... 40
checking size of int... 4
checking for rb_io_ascii8bit_binmode()... yes
checking for rb_update_max_fd()... yes
checking for rb_fd_fix_cloexec()... yes
checking for rb_cloexec_open()... yes
checking for ruby/thread.h... yes
checking for rb_thread_call_without_gvl() in ruby/thread.h... yes
checking for rb_thread_blocking_region()... no
checking for rb_thread_io_blocking_region()... yes
checking for rb_str_set_len()... yes
checking for rb_hash_clear() in ruby.h... yes
checking for rb_time_interval()... yes
checking for rb_wait_for_single_fd()... yes
checking for rb_str_subseq()... yes
checking for rb_ary_subseq()... yes
creating Makefile

To see why this extension failed to compile, please check the mkmf.log which can be found here:

  /home/ktom/kontes-terbuka/shared/bundle/ruby/2.3.0/extensions/x86_64-linux/2.3.0/kgio-2.10.0/mkmf.log

current directory: /home/ktom/kontes-terbuka/shared/bundle/ruby/2.3.0/gems/kgio-2.10.0/ext/kgio
make "DESTDIR=" clean

current directory: /home/ktom/kontes-terbuka/shared/bundle/ruby/2.3.0/gems/kgio-2.10.0/ext/kgio
make "DESTDIR="
compiling kgio_ext.c
compiling connect.c
compiling write.c
compiling wait.c
compiling tryopen.c
compiling writev.c
compiling read.c
compiling accept.c
compiling poll.c
linking shared-object kgio_ext.so

current directory: /home/ktom/kontes-terbuka/shared/bundle/ruby/2.3.0/gems/kgio-2.10.0/ext/kgio
make "DESTDIR=" install
/usr/bin/install -m 0755 kgio_ext.so ./.gem.20160601-27106-uig431
